****************************************
Report : timing
	-path_type full
	-delay_type min
	-max_paths 1
	-sort_by slack
Design : bitdetector_1
Version: N-2017.12
Date   : Tue May 29 10:36:56 2018
****************************************


  Startpoint: o_eop_reg (rising edge-triggered flip-flop clocked by clk)
  Endpoint: outp_reg (rising edge-triggered flip-flop clocked by clk)
  Path Group: clk
  Path Type: min

  Point                                    Incr       Path
  ---------------------------------------------------------------
  clock clk (rise edge)                  0.0000     0.0000
  clock network delay (ideal)            0.0000     0.0000
  o_eop_reg/CLK (DFFX1)                  0.0000     0.0000 r
  o_eop_reg/Q (DFFX1)                    0.3215     0.3215 r
  U40/QN (NOR3X0)                        0.1299     0.4514 f
  outp_reg/D (DFFX1)                     0.0358     0.4872 f
  data arrival time                                 0.4872

  clock clk (rise edge)                  0.0000     0.0000
  clock network delay (ideal)            0.0000     0.0000
  clock reconvergence pessimism          0.0000     0.0000
  clock uncertainty                      0.4000     0.4000
  outp_reg/CLK (DFFX1)                              0.4000 r
  library hold time                      0.0111     0.4111
  data required time                                0.4111
  ---------------------------------------------------------------
  data required time                                0.4111
  data arrival time                                -0.4872
  ---------------------------------------------------------------
  slack (MET)                                       0.0761


1
