****************************************
Report : timing
	-path_type full
	-delay_type max
	-max_paths 1
	-sort_by slack
Design : bitdetector_1
Version: N-2017.12
Date   : Tue May 29 10:36:56 2018
****************************************


  Startpoint: o_eop_reg (rising edge-triggered flip-flop clocked by clk)
  Endpoint: o_eop (output port clocked by clk)
  Path Group: clk
  Path Type: max

  Point                                    Incr       Path
  ---------------------------------------------------------------
  clock clk (rise edge)                  0.0000     0.0000
  clock network delay (ideal)            0.0000     0.0000
  o_eop_reg/CLK (DFFX1)                  0.0000     0.0000 r
  o_eop_reg/Q (DFFX1)                    0.3397     0.3397 f
  o_eop (out)                            0.0002     0.3400 f
  data arrival time                                 0.3400

  clock clk (rise edge)                 20.0000    20.0000
  clock network delay (ideal)            0.0000    20.0000
  clock reconvergence pessimism          0.0000    20.0000
  clock uncertainty                     -0.4000    19.6000
  output external delay                 -1.0000    18.6000
  data required time                               18.6000
  ---------------------------------------------------------------
  data required time                               18.6000
  data arrival time                                -0.3400
  ---------------------------------------------------------------
  slack (MET)                                      18.2600


1
