set ucliGUI::state
set ucliGUI::state
ucliCore::getToolPID
synopsys::env hasTB
trigger_hier_stack_context_switch 0
synUtils::setDVEInitPhase 1
synopsys::dump -type VPD -file /home/thuan/Assignment2_s3574935/asic/vcs/inter.vpd -locking
synopsys::dump -autoflush on -fid VPD0
set ::dve_fid VPD0
synUtils::setDVEInitPhase 0
ucliCore::getToolPID
synUtils::sendTool -active _icl_setToolSocket /tmp/smlnpS1Cv3D
synUtils::sendTool -active {_icl_start_rpc -version "N-2017.12_Full64" -sync_file /tmp/vcs_dve_rpc.thuan.5095}
synUtils::sendTool -active {_icl_createSharedMemory /tmp/vcs_dve_general.thuan.5095}
config endofsim noexit
config onfail enable all
config syscaddplainmembers
config syscaddsourcenames
config syscaddstructtypes
synopsys::listing -disable
synopsys::dump -add {bitdetector_tb.dut} -scope "." -depth 1 -fid VPD0
synopsys::run
set ucliGUI::state
set ucliGUI::state
set ucliGUI::state
set ucliGUI::state
