# Preference setting overrides
gui_create_pref_key -category {Globals} -key {load_detail_for_funcov} -value_type {bool} -value {false}
gui_create_pref_category -category {schem_obj_name}
gui_create_pref_key -category {schem_obj_name} -key {show_cell_and_pin_with_symbol_name} -value_type {bool} -value {false}
gui_create_pref_key -category {schem_pin_hc} -key {textExtFont} -value_type {string} -value {Helvetica,10,-1,5,50,0,0,0,0,0}

# State setting overrides
gui_state_default_create -off -ini
gui_set_state_value -category Layout -key child_console_size_x -value 1913
gui_set_state_value -category Layout -key child_console_size_y -value 479
gui_set_state_value -category Layout -key child_data_size_x -value 130
gui_set_state_value -category Layout -key child_data_size_y -value 289
gui_set_state_value -category Layout -key child_driver_size_x -value 1623
gui_set_state_value -category Layout -key child_driver_size_y -value 434
gui_set_state_value -category Layout -key child_hier_col3 -value {-1}
gui_set_state_value -category Layout -key child_hier_colpd -value 0
gui_set_state_value -category Layout -key child_hier_size_x -value 130
gui_set_state_value -category Layout -key child_hier_size_y -value 289
gui_set_state_value -category Layout -key child_list_down -value 624
gui_set_state_value -category Layout -key child_list_right -value 1764
gui_set_state_value -category Layout -key child_schematic_docknewline -value false
gui_set_state_value -category Layout -key child_schematic_pos_x -value {-2}
gui_set_state_value -category Layout -key child_schematic_pos_y -value {-15}
gui_set_state_value -category Layout -key child_schematic_size_x -value 1590
gui_set_state_value -category Layout -key child_schematic_size_y -value 335
gui_set_state_value -category Layout -key child_source_docknewline -value false
gui_set_state_value -category Layout -key child_source_pos_x -value {-2}
gui_set_state_value -category Layout -key child_source_pos_y -value {-15}
gui_set_state_value -category Layout -key child_source_size_x -value 1656
gui_set_state_value -category Layout -key child_source_size_y -value 284
gui_set_state_value -category Layout -key child_wave_colname -value 206
gui_set_state_value -category Layout -key child_wave_colvalue -value 206
gui_set_state_value -category Layout -key child_wave_left -value 416
gui_set_state_value -category Layout -key child_wave_right -value 1498
gui_set_state_value -category Layout -key main_pos_x -value 4
gui_set_state_value -category Layout -key main_pos_y -value 53
gui_set_state_value -category Layout -key main_size_x -value 1917
gui_set_state_value -category Layout -key main_size_y -value 928
gui_set_state_value -category Layout -key stand_list_child_docknewline -value false
gui_set_state_value -category Layout -key stand_list_child_pos_x -value {-2}
gui_set_state_value -category Layout -key stand_list_child_pos_y -value {-15}
gui_set_state_value -category Layout -key stand_list_child_size_x -value 1924
gui_set_state_value -category Layout -key stand_list_child_size_y -value 769
gui_set_state_value -category Layout -key stand_list_top_pos_x -value 502
gui_set_state_value -category Layout -key stand_list_top_pos_y -value 51
gui_set_state_value -category Layout -key stand_list_top_size_x -value 2421
gui_set_state_value -category Layout -key stand_list_top_size_y -value 932
gui_set_state_value -category Layout -key stand_wave_child_docknewline -value false
gui_set_state_value -category Layout -key stand_wave_child_pos_x -value {-2}
gui_set_state_value -category Layout -key stand_wave_child_pos_y -value {-15}
gui_set_state_value -category Layout -key stand_wave_child_size_x -value 1924
gui_set_state_value -category Layout -key stand_wave_child_size_y -value 769
gui_set_state_value -category Layout -key stand_wave_top_pos_x -value 44
gui_set_state_value -category Layout -key stand_wave_top_pos_y -value 52
gui_set_state_value -category Layout -key stand_wave_top_size_x -value 1963
gui_set_state_value -category Layout -key stand_wave_top_size_y -value 933
gui_create_state_key -category FindDialog -key m_pMatchCase -value_type bool -value false
gui_create_state_key -category FindDialog -key m_pMatchWord -value_type bool -value false
gui_create_state_key -category FindDialog -key m_pUseCombo -value_type string -value {}
gui_create_state_key -category FindDialog -key m_pWrapAround -value_type bool -value true
gui_create_state_key -category Widget_History -key {dlgSimSetup|m_setupTab|tab pages|SimTab|m_VPDCombo} -value_type string -value inter.vpd
gui_create_state_key -category Widget_History -key {dlgSimSetup|m_setupTab|tab pages|SimTab|m_argsCombo} -value_type string -value {{-V} {-ucligui -V}}
gui_create_state_key -category Widget_History -key {dlgSimSetup|m_setupTab|tab pages|SimTab|m_curDirCombo} -value_type string -value {/home/thuan/Assignment2_s3574935/asic/vcs /home/thuan/lab2_alu/asic/vcs}
gui_create_state_key -category Widget_History -key {dlgSimSetup|m_setupTab|tab pages|SimTab|m_exeCombo} -value_type string -value {bitdetector.simv /home/thuan/lab2_alu/asic/vcs/ALU.simv}
gui_create_state_key -category SearchDialog -key MatchCase -value_type bool -value false
gui_create_state_key -category SearchDialog -key MatchWord -value_type bool -value true
gui_create_state_key -category SearchDialog -key SearchMode -value_type string -value Wildcards
gui_create_state_key -category SearchDialog -key UseCombo -value_type bool -value true
gui_state_default_create -off

# Begin command logging
gui_sim_run Ucli -exe bitdetector.simv -args {-ucligui  -V} -dir .
gui_list_expand -id  Hier.1   bitdetector_tb
gui_list_select -id Hier.1 -current_item_name bitdetector_tb.dut -current_item_type Scope  -selected  { bitdetector_tb.dut   }
gui_open_window Wave
gui_list_add -id Wave.1 -from Hier.1 { bitdetector_tb.dut } -insertionbar
gui_wv_zoom_timerange -id  Wave.1 0 445
gui_marker_move -id  Wave.1 C1 29
gui_list_select -id Wave.1 -selected  { {bitdetector_tb.dut.nextstate[31:0]}   }
gui_list_move  -id  Wave.1    -sid  Wave.1   -after bitdetector_tb.dut.i_valid {{bitdetector_tb.dut.nextstate[31:0]}} 
gui_list_select -id Wave.1 -selected  { {bitdetector_tb.dut.state[31:0]}   }
gui_list_move  -id  Wave.1    -sid  Wave.1   -after bitdetector_tb.dut.i_valid {{bitdetector_tb.dut.state[31:0]}} 
gui_list_select -id Wave.1 -selected  { bitdetector_tb.dut.inp_pre   }
gui_list_move  -id  Wave.1    -sid  Wave.1   -after {bitdetector_tb.dut.nextstate[31:0]} {{bitdetector_tb.dut.inp_pre}} 
gui_list_select -id Wave.1 -selected  { bitdetector_tb.dut.clk   }
gui_list_move  -id  Wave.1    -sid  Wave.1   -after dut {{bitdetector_tb.dut.clk}}
gui_list_select -id Wave.1 -selected  { bitdetector_tb.dut.reset_n   }
gui_list_move  -id  Wave.1    -sid  Wave.1   -after bitdetector_tb.dut.clk {{bitdetector_tb.dut.reset_n}} 
gui_list_select -id Wave.1 -selected  { bitdetector_tb.dut.o_ready   }
gui_list_move  -id  Wave.1    -sid  Wave.1   -after bitdetector_tb.dut.reset_n {{bitdetector_tb.dut.o_ready}} 
gui_list_select -id Wave.1 -selected  { bitdetector_tb.dut.i_ready   }
gui_list_move  -id  Wave.1    -sid  Wave.1   -after bitdetector_tb.dut.i_valid {{bitdetector_tb.dut.i_ready}} 
gui_list_select -id Wave.1 -selected  { bitdetector_tb.dut.i_valid   }
gui_list_move  -id  Wave.1    -sid  Wave.1   -after bitdetector_tb.dut.i_eop {{bitdetector_tb.dut.i_valid}} 
gui_list_select -id Wave.1 -selected  { bitdetector_tb.dut.outp   }
gui_list_move  -id  Wave.1    -sid  Wave.1   -after bitdetector_tb.dut.o_valid {{bitdetector_tb.dut.outp}} 
gui_list_select -id Wave.1 -selected  { bitdetector_tb.dut.o_valid   }
gui_list_move  -id  Wave.1    -sid  Wave.1   -after bitdetector_tb.dut.o_sop {{bitdetector_tb.dut.o_valid}} 
gui_list_select -id Wave.1 -selected  { bitdetector_tb.dut.o_sop   }
gui_list_move  -id  Wave.1    -sid  Wave.1   -after bitdetector_tb.dut.inp {{bitdetector_tb.dut.o_sop}} 
gui_list_select -id Wave.1 -selected  { bitdetector_tb.dut.inp   }
gui_list_move  -id  Wave.1    -sid  Wave.1   -after bitdetector_tb.dut.i_valid {{bitdetector_tb.dut.inp}} 
gui_list_select -id Wave.1 -selected  { bitdetector_tb.dut.i_sop   }
gui_list_move  -id  Wave.1    -sid  Wave.1   -after bitdetector_tb.dut.i_eop {{bitdetector_tb.dut.i_sop}} 
gui_sim_continue  
gui_marker_move -id  Wave.1 C1 67461
gui_zoom -window Wave.1 -full
gui_marker_move -id  Wave.1 C1 63562
gui_list_select -id Wave.1 -selected  {  }
gui_marker_move -id  Wave.1 C1 66692
gui_wv_zoom_timerange -id  Wave.1 0 79516
gui_zoom -window Wave.1 -full
