 
****************************************
Report : area
Design : bitdetector
Version: N-2017.09-SP2
Date   : Tue May 29 10:36:07 2018
****************************************

Library(s) Used:

    saed90nm_typ_ht (File: /home/thuan/Assignment2_s3574935/asic/icc/ref/models/saed90nm_typ_ht.db)

Number of ports:                           14
Number of nets:                            37
Number of cells:                           26
Number of combinational cells:             18
Number of sequential cells:                 8
Number of macros/black boxes:               0
Number of buf/inv:                          2
Number of references:                      13

Combinational area:                146.534402
Buf/Inv area:                       11.059200
Noncombinational area:             199.065598
Macro/Black Box area:                0.000000
Net Interconnect area:               9.415362

Total cell area:                   345.599999
Total area:                        355.015361
1
